07.11.2021 03:48:37 sql=[select * from grab_category where id = 0] 
07.11.2021 03:48:37 sql=[select * from grab_content where cid = 0  limit 20 offset 0 ] 
07.11.2021 03:48:37 sql=[select count(*) as c from grab_content where cid = 0] 
07.11.2021 07:04:58 sql=[select * from grab_content where id=564] 
07.11.2021 07:04:58 sql=[select * from grab_content 
	where cid=1 limit 10] 
07.11.2021 07:08:02 sql=[select * from grab_content where id=564] 
07.11.2021 07:08:02 sql=[select * from grab_content 
	where cid=1 limit 10] 
07.11.2021 07:08:25 sql=[select * from grab_content where id=564] 
07.11.2021 07:08:25 sql=[select * from grab_content 
	where cid=1 limit 10] 
07.11.2021 07:08:56 sql=[select * from grab_content where id=564] 
07.11.2021 07:08:56 sql=[select * from grab_content 
	where cid=1 limit 10] 
07.11.2021 07:08:58 sql=[select * from grab_content where id=564] 
07.11.2021 07:08:58 sql=[select * from grab_content 
	where cid=1 limit 10] 
07.11.2021 07:11:47 sql=[select * from grab_content where id=564] 
07.11.2021 07:11:47 sql=[select * from grab_content 
	where cid=1 limit 10] 
07.11.2021 07:13:27 sql=[select * from grab_content where id=564] 
07.11.2021 07:13:27 sql=[select * from grab_content 
	where cid=1 limit 10] 
07.11.2021 07:13:30 sql=[select * from grab_content where id=564] 
07.11.2021 07:13:30 sql=[select * from grab_content 
	where cid=1 limit 10] 
07.11.2021 07:13:49 sql=[select * from grab_content where id=564] 
07.11.2021 07:13:49 sql=[select * from grab_content 
	where cid=1 limit 10] 
07.11.2021 07:14:06 sql=[select * from grab_content where id=564] 
07.11.2021 07:14:06 sql=[select * from grab_content 
	where cid=1 limit 10] 
07.11.2021 07:15:07 sql=[select * from grab_content where id=564] 
07.11.2021 07:15:07 sql=[select * from grab_content 
	where cid=1 limit 10] 
07.11.2021 07:15:07 sql=[select * from grab_content where id=564] 
07.11.2021 07:15:07 sql=[select * from grab_content 
	where cid=1 limit 10] 
07.11.2021 07:15:39 sql=[select * from grab_content where id=564] 
07.11.2021 07:15:39 sql=[select * from grab_content 
	where cid=1 limit 10] 
07.11.2021 07:30:25 sql=[select * from grab_content where id=564] 
07.11.2021 07:30:25 sql=[select * from grab_content 
	where cid=1 limit 10] 
07.11.2021 07:31:17 sql=[select * from grab_content where id=564] 
07.11.2021 07:31:17 sql=[select * from grab_content 
	where cid=1 limit 10] 
07.11.2021 07:32:29 sql=[select * from grab_content where id=564] 
07.11.2021 07:32:29 sql=[select * from grab_content 
	where cid=1 limit 10] 
07.11.2021 07:33:07 sql=[select * from grab_content where id=564] 
07.11.2021 07:33:07 sql=[select * from grab_content 
	where cid=1 limit 10] 
07.11.2021 07:33:36 sql=[select * from grab_content where id=564] 
07.11.2021 07:33:36 sql=[select * from grab_content 
	where cid=1 limit 10] 
07.11.2021 07:33:49 sql=[select * from grab_content where id=564] 
07.11.2021 07:33:49 sql=[select * from grab_content 
	where cid=1 limit 10] 
07.11.2021 07:33:50 sql=[select * from grab_content where id=564] 
07.11.2021 07:33:50 sql=[select * from grab_content 
	where cid=1 limit 10] 
07.11.2021 07:35:21 sql=[select * from grab_content where id=564] 
07.11.2021 07:35:21 sql=[select * from grab_content 
	where cid=1 limit 10] 
07.11.2021 07:36:45 sql=[select * from grab_content where id=564] 
07.11.2021 07:36:45 sql=[select * from grab_content 
	where cid=1 limit 10] 
07.11.2021 07:38:58 sql=[select * from grab_content where id=564] 
07.11.2021 07:38:58 sql=[select * from grab_content 
	where cid=1 limit 10] 
07.11.2021 07:39:20 sql=[select * from grab_content where id=564] 
07.11.2021 07:39:20 sql=[select * from grab_content 
	where cid=1 limit 10] 
07.11.2021 07:39:28 sql=[select * from grab_content where id=564] 
07.11.2021 07:39:28 sql=[select * from grab_content 
	where cid=1 limit 10] 
07.11.2021 07:40:49 sql=[select * from grab_content where id=564] 
07.11.2021 07:40:49 sql=[select * from grab_content 
	where cid=1 limit 10] 
07.11.2021 07:40:54 sql=[select * from grab_content where id=564] 
07.11.2021 07:40:54 sql=[select * from grab_content 
	where cid=1 limit 10] 
07.11.2021 07:41:16 sql=[select * from grab_content where id=564] 
07.11.2021 07:41:16 sql=[select * from grab_content 
	where cid=1 limit 10] 
07.11.2021 07:42:09 sql=[select * from grab_content where id=564] 
07.11.2021 07:42:09 sql=[select * from grab_content 
	where cid=1 limit 10] 
07.11.2021 07:42:26 sql=[select * from grab_content where id=564] 
07.11.2021 07:42:26 sql=[select * from grab_content 
	where cid=1 limit 10] 
07.11.2021 07:43:20 sql=[select * from grab_content where id=564] 
07.11.2021 07:43:20 sql=[select * from grab_content 
	where cid=1 limit 10] 
07.11.2021 07:43:39 sql=[select * from grab_content where id=564] 
07.11.2021 07:43:39 sql=[select * from grab_content 
	where cid=1 limit 10] 
07.11.2021 07:44:18 sql=[select * from grab_content where id=564] 
07.11.2021 07:44:18 sql=[select * from grab_content 
	where cid=1 limit 10] 
07.11.2021 07:44:50 sql=[select * from grab_content where id=564] 
07.11.2021 07:44:50 sql=[select * from grab_content 
	where cid=1 limit 10] 
07.11.2021 07:45:02 sql=[select * from grab_content where id=564] 
07.11.2021 07:45:02 sql=[select * from grab_content 
	where cid=1 limit 10] 
07.11.2021 07:45:57 sql=[select * from grab_content where id=564] 
07.11.2021 07:45:57 sql=[select * from grab_content 
	where cid=1 limit 10] 
07.11.2021 07:47:44 sql=[select * from grab_content where id=564] 
07.11.2021 07:47:44 sql=[select * from grab_content 
	where cid=1 limit 10] 
07.11.2021 07:50:50 sql=[select * from grab_content where id=564] 
07.11.2021 07:50:50 sql=[select * from grab_content 
	where cid=1 limit 10] 
07.11.2021 07:51:00 sql=[select * from grab_content where id=564] 
07.11.2021 07:51:00 sql=[select * from grab_content 
	where cid=1 limit 10] 
07.11.2021 07:52:23 sql=[select * from grab_content where id=564] 
07.11.2021 07:52:23 sql=[select * from grab_content 
	where cid=1 limit 10] 
07.11.2021 07:52:38 sql=[select * from grab_content where id=564] 
07.11.2021 07:52:38 sql=[select * from grab_content 
	where cid=1 limit 10] 
07.11.2021 07:54:02 sql=[select * from grab_content where id=564] 
07.11.2021 07:54:02 sql=[select * from grab_content 
	where cid=1 limit 10] 
07.11.2021 07:54:17 sql=[select * from grab_content where id=564] 
07.11.2021 07:54:17 sql=[select * from grab_content 
	where cid=1 limit 10] 
07.11.2021 07:54:53 sql=[select * from grab_content where id=564] 
07.11.2021 07:54:53 sql=[select * from grab_content 
	where cid=1 limit 10] 
07.11.2021 07:55:37 sql=[select * from grab_content where id=564] 
07.11.2021 07:55:37 sql=[select * from grab_content 
	where cid=1 limit 10] 
07.11.2021 07:55:45 sql=[select * from grab_content where id=564] 
07.11.2021 07:55:45 sql=[select * from grab_content 
	where cid=1 limit 10] 
07.11.2021 07:56:11 sql=[select * from grab_content where id=564] 
07.11.2021 07:56:11 sql=[select * from grab_content 
	where cid=1 limit 10] 
07.11.2021 07:56:24 sql=[select * from grab_content where id=564] 
07.11.2021 07:56:24 sql=[select * from grab_content 
	where cid=1 limit 10] 
07.11.2021 07:57:23 sql=[select * from grab_content where id=564] 
07.11.2021 07:57:23 sql=[select * from grab_content 
	where cid=1 limit 10] 
07.11.2021 07:57:40 sql=[select * from grab_content where id=564] 
07.11.2021 07:57:40 sql=[select * from grab_content 
	where cid=1 limit 10] 
07.11.2021 07:57:42 sql=[select * from grab_content where id=564] 
07.11.2021 07:57:42 sql=[select * from grab_content 
	where cid=1 limit 10] 
07.11.2021 07:58:08 sql=[select * from grab_content where id=564] 
07.11.2021 07:58:08 sql=[select * from grab_content 
	where cid=1 limit 10] 
07.11.2021 08:00:22 sql=[select * from grab_content where id=564] 
07.11.2021 08:00:22 sql=[select * from grab_content 
	where cid=1 limit 10] 
07.11.2021 08:00:32 sql=[select * from grab_content where id=564] 
07.11.2021 08:00:32 sql=[select * from grab_content 
	where cid=1 limit 10] 
07.11.2021 08:01:18 sql=[select * from grab_content where id=564] 
07.11.2021 08:01:18 sql=[select * from grab_content 
	where cid=1 limit 10] 
07.11.2021 08:02:09 sql=[select * from grab_content where id=564] 
07.11.2021 08:02:09 sql=[select * from grab_content 
	where cid=1 limit 10] 
07.11.2021 08:03:40 sql=[select * from grab_content where id=564] 
07.11.2021 08:03:40 sql=[select * from grab_content 
	where cid=1 limit 10] 
07.11.2021 08:04:11 sql=[select * from grab_content where id=564] 
07.11.2021 08:04:11 sql=[select * from grab_content 
	where cid=1 limit 10] 
07.11.2021 08:04:29 sql=[select * from grab_content where id=564] 
07.11.2021 08:04:29 sql=[select * from grab_content 
	where cid=1 limit 10] 
07.11.2021 08:06:40 sql=[select * from grab_content where id=564] 
07.11.2021 08:06:40 sql=[select * from grab_content 
	where cid=1 limit 10] 
07.11.2021 08:07:28 sql=[select * from grab_content where id=564] 
07.11.2021 08:07:28 sql=[select * from grab_content 
	where cid=1 limit 10] 
07.11.2021 08:08:50 sql=[select * from grab_content where id=564] 
07.11.2021 08:08:50 sql=[select * from grab_content 
	where cid=1 limit 10] 
07.11.2021 08:09:02 sql=[select * from grab_content where id=564] 
07.11.2021 08:09:02 sql=[select * from grab_content 
	where cid=1 limit 10] 
07.11.2021 08:09:22 sql=[select * from grab_content where id=564] 
07.11.2021 08:09:22 sql=[select * from grab_content 
	where cid=1 limit 10] 
07.11.2021 08:09:46 sql=[select * from grab_content where id=564] 
07.11.2021 08:09:46 sql=[select * from grab_content 
	where cid=1 limit 10] 
07.11.2021 08:10:27 sql=[select * from grab_content where id=564] 
07.11.2021 08:10:27 sql=[select * from grab_content 
	where cid=1 limit 10] 
07.11.2021 08:11:45 sql=[select * from grab_content where id=564] 
07.11.2021 08:11:45 sql=[select * from grab_content 
	where cid=1 limit 10] 
07.11.2021 08:12:05 sql=[select * from grab_content where id=564] 
07.11.2021 08:12:05 sql=[select * from grab_content 
	where cid=1 limit 10] 
07.11.2021 08:12:13 sql=[select * from grab_content where id=564] 
07.11.2021 08:12:13 sql=[select * from grab_content 
	where cid=1 limit 10] 
07.11.2021 08:13:45 sql=[select * from grab_content where id=564] 
07.11.2021 08:13:45 sql=[select * from grab_content 
	where cid=1 limit 10] 
07.11.2021 08:14:56 sql=[select * from grab_content where id=564] 
07.11.2021 08:14:56 sql=[select * from grab_content 
	where cid=1 limit 10] 
07.11.2021 08:14:57 sql=[select * from grab_content where id=564] 
07.11.2021 08:14:57 sql=[select * from grab_content 
	where cid=1 limit 10] 
07.11.2021 08:16:46 sql=[select * from grab_content where id=564] 
07.11.2021 08:16:46 sql=[select * from grab_content 
	where cid=1 limit 10] 
07.11.2021 08:17:12 sql=[select * from grab_content where id=564] 
07.11.2021 08:17:12 sql=[select * from grab_content 
	where cid=1 limit 10] 
07.11.2021 08:20:07 sql=[select * from grab_content where id=564] 
07.11.2021 08:20:07 sql=[select * from grab_content 
	where cid=1 limit 10] 
07.11.2021 08:21:32 sql=[select * from grab_content where id=564] 
07.11.2021 08:21:32 sql=[select * from grab_content 
	where cid=1 limit 10] 
07.11.2021 08:22:32 sql=[select * from grab_content where id=564] 
07.11.2021 08:22:32 sql=[select * from grab_content 
	where cid=1 limit 10] 
07.11.2021 08:23:40 sql=[select * from grab_content where id=564] 
07.11.2021 08:23:40 sql=[select * from grab_content 
	where cid=1 limit 10] 
07.11.2021 08:28:27 sql=[select * from grab_content where id=564] 
07.11.2021 08:28:27 sql=[select * from grab_content 
	where cid=1 limit 10] 
07.11.2021 08:29:13 sql=[select * from grab_content where id=564] 
07.11.2021 08:29:13 sql=[select * from grab_content 
	where cid=1 limit 10] 
07.11.2021 08:31:37 sql=[select * from grab_content where id=564] 
07.11.2021 08:31:37 sql=[select * from grab_content 
	where cid=1 limit 10] 
07.11.2021 08:31:39 sql=[select * from grab_content where id=564] 
07.11.2021 08:31:39 sql=[select * from grab_content 
	where cid=1 limit 10] 
07.11.2021 08:32:01 sql=[select * from grab_content where id=564] 
07.11.2021 08:32:01 sql=[select * from grab_content 
	where cid=1 limit 10] 
07.11.2021 08:32:10 sql=[select * from grab_content where id=564] 
07.11.2021 08:32:10 sql=[select * from grab_content 
	where cid=1 limit 10] 
07.11.2021 08:32:14 sql=[select * from grab_content where id=564] 
07.11.2021 08:32:14 sql=[select * from grab_content 
	where cid=1 limit 10] 
07.11.2021 08:38:03 sql=[select * from grab_content where id=564] 
07.11.2021 08:38:03 sql=[select * from grab_content 
	where cid=1 limit 10] 
07.11.2021 08:38:53 sql=[select * from grab_content where id=564] 
07.11.2021 08:38:53 sql=[select * from grab_content 
	where cid=1 limit 10] 
07.11.2021 08:39:09 sql=[select * from grab_content where id=564] 
07.11.2021 08:39:09 sql=[select * from grab_content 
	where cid=1 limit 10] 
07.11.2021 08:39:24 sql=[select * from grab_content where id=564] 
07.11.2021 08:39:24 sql=[select * from grab_content 
	where cid=1 limit 10] 
07.11.2021 08:39:36 sql=[select * from grab_content where id=564] 
07.11.2021 08:39:36 sql=[select * from grab_content 
	where cid=1 limit 10] 
07.11.2021 08:39:57 sql=[select * from grab_content where id=564] 
07.11.2021 08:39:57 sql=[select * from grab_content 
	where cid=1 limit 10] 
07.11.2021 08:40:14 sql=[select * from grab_content where id=564] 
07.11.2021 08:40:14 sql=[select * from grab_content 
	where cid=1 limit 10] 
07.11.2021 08:41:28 sql=[select * from grab_content where id=564] 
07.11.2021 08:41:28 sql=[select * from grab_content 
	where cid=1 limit 10] 
07.11.2021 08:41:30 sql=[select * from grab_content where id=564] 
07.11.2021 08:41:30 sql=[select * from grab_content 
	where cid=1 limit 10] 
07.11.2021 08:41:30 sql=[select * from grab_content where id=564] 
07.11.2021 08:41:30 sql=[select * from grab_content 
	where cid=1 limit 10] 
07.11.2021 08:41:41 sql=[select * from grab_content where id=564] 
07.11.2021 08:41:41 sql=[select * from grab_content 
	where cid=1 limit 10] 
07.11.2021 08:41:56 sql=[select * from grab_content where id=564] 
07.11.2021 08:41:56 sql=[select * from grab_content 
	where cid=1 limit 10] 
07.11.2021 08:46:05 sql=[select * from grab_content where id=564] 
07.11.2021 08:46:05 sql=[select * from grab_content 
	where cid=1 limit 10] 
07.11.2021 08:49:02 sql=[select * from grab_content where id=564] 
07.11.2021 08:49:02 sql=[select * from grab_content 
	where cid=1 limit 10] 
07.11.2021 08:52:33 sql=[select * from grab_content where id=564] 
07.11.2021 08:52:33 sql=[select * from grab_content 
	where cid=1 limit 10] 
07.11.2021 08:53:48 sql=[select * from grab_content where id=564] 
07.11.2021 08:53:48 sql=[select * from grab_content 
	where cid=1 limit 10] 
07.11.2021 09:08:52 sql=[select * from grab_content where id=564] 
07.11.2021 09:08:53 sql=[select * from grab_content 
	where cid=1 limit 10] 
07.11.2021 09:09:23 sql=[select * from grab_content where id=564] 
07.11.2021 09:09:23 sql=[select * from grab_content 
	where cid=1 limit 10] 
07.11.2021 09:09:40 sql=[select * from grab_content where id=564] 
07.11.2021 09:09:40 sql=[select * from grab_content 
	where cid=1 limit 10] 
07.11.2021 09:09:42 sql=[select * from grab_content where id=564] 
07.11.2021 09:09:42 sql=[select * from grab_content 
	where cid=1 limit 10] 
07.11.2021 09:09:49 sql=[select * from grab_content where id=564] 
07.11.2021 09:09:49 sql=[select * from grab_content 
	where cid=1 limit 10] 
07.11.2021 09:11:00 sql=[select * from grab_content where id=564] 
07.11.2021 09:11:00 sql=[select * from grab_content 
	where cid=1 limit 10] 
07.11.2021 09:11:03 sql=[select * from grab_content where id=564] 
07.11.2021 09:11:03 sql=[select * from grab_content 
	where cid=1 limit 10] 
07.11.2021 09:13:26 sql=[select * from grab_content where id=563] 
07.11.2021 09:13:26 sql=[select * from grab_content 
	where cid=1 limit 10] 
07.11.2021 09:14:52 sql=[select * from grab_content where id=563] 
07.11.2021 09:14:52 sql=[select * from grab_content 
	where cid=1 limit 10] 
07.11.2021 09:14:55 sql=[select * from grab_content where id=564] 
07.11.2021 09:14:55 sql=[select * from grab_content 
	where cid=1 limit 10] 
07.11.2021 09:15:14 sql=[select * from grab_content where id=564] 
07.11.2021 09:15:14 sql=[select * from grab_content 
	where cid=1 limit 10] 
07.11.2021 09:15:20 sql=[select * from grab_content where id=564] 
07.11.2021 09:15:20 sql=[select * from grab_content 
	where cid=1 limit 10] 
07.11.2021 09:25:09 sql=[select * from grab_content where id=564] 
07.11.2021 09:25:09 sql=[select * from grab_content 
	where cid=1 limit 10] 
07.11.2021 09:27:59 sql=[select * from grab_content where id=564] 
07.11.2021 09:27:59 sql=[select * from grab_content 
	where cid=1 limit 10] 
07.11.2021 09:28:02 sql=[select * from grab_content where id=564] 
07.11.2021 09:28:02 sql=[select * from grab_content 
	where cid=1 limit 10] 
07.11.2021 09:28:30 sql=[select * from grab_content where id=564] 
07.11.2021 09:28:30 sql=[select * from grab_content 
	where cid=1 limit 10] 
07.11.2021 09:28:34 sql=[select * from grab_content where id=564] 
07.11.2021 09:28:34 sql=[select * from grab_content 
	where cid=1 limit 10] 
07.11.2021 09:29:27 sql=[select * from grab_content where id=564] 
07.11.2021 09:29:27 sql=[select * from grab_content 
	where cid=1 limit 10] 
07.11.2021 09:29:31 sql=[select * from grab_content where id=564] 
07.11.2021 09:29:31 sql=[select * from grab_content 
	where cid=1 limit 10] 
07.11.2021 09:29:32 sql=[select * from grab_content where id=564] 
07.11.2021 09:29:32 sql=[select * from grab_content 
	where cid=1 limit 10] 
07.11.2021 09:30:54 sql=[select * from grab_content where id=564] 
07.11.2021 09:30:54 sql=[select * from grab_content 
	where cid=1 limit 10] 
07.11.2021 09:30:55 sql=[select * from grab_content where id=564] 
07.11.2021 09:30:55 sql=[select * from grab_content 
	where cid=1 limit 10] 
07.11.2021 09:31:24 sql=[select * from grab_content where id=564] 
07.11.2021 09:31:24 sql=[select * from grab_content 
	where cid=1 limit 10] 
07.11.2021 09:31:25 sql=[select * from grab_content where id=564] 
07.11.2021 09:31:25 sql=[select * from grab_content 
	where cid=1 limit 10] 
07.11.2021 09:32:13 sql=[select * from grab_content where id=564] 
07.11.2021 09:32:13 sql=[select * from grab_content 
	where cid=1 limit 10] 
07.11.2021 09:32:14 sql=[select * from grab_content where id=564] 
07.11.2021 09:32:14 sql=[select * from grab_content 
	where cid=1 limit 10] 
07.11.2021 09:32:36 sql=[select * from grab_content where id=564] 
07.11.2021 09:32:36 sql=[select * from grab_content 
	where cid=1 limit 10] 
07.11.2021 09:33:33 sql=[select * from grab_content where id=564] 
07.11.2021 09:33:33 sql=[select * from grab_content 
	where cid=1 limit 10] 
07.11.2021 09:33:50 sql=[select * from grab_content where id=564] 
07.11.2021 09:33:50 sql=[select * from grab_content 
	where cid=1 limit 10] 
07.11.2021 09:35:18 sql=[select * from grab_content where id=564] 
07.11.2021 09:35:18 sql=[select * from grab_content 
	where cid=1 limit 10] 
07.11.2021 09:35:33 sql=[select * from grab_content where id=564] 
07.11.2021 09:35:33 sql=[select * from grab_content 
	where cid=1 limit 10] 
07.11.2021 09:36:24 sql=[select * from grab_content where id=564] 
07.11.2021 09:36:24 sql=[select * from grab_content 
	where cid=1 limit 10] 
07.11.2021 09:36:54 sql=[select * from grab_content where id=564] 
07.11.2021 09:36:54 sql=[select * from grab_content 
	where cid=1 limit 10] 
07.11.2021 09:39:14 sql=[select * from grab_content where id=564] 
07.11.2021 09:39:14 sql=[select * from grab_content 
	where cid=1 limit 10] 
07.11.2021 09:48:14 sql=[select * from grab_content where id=563] 
07.11.2021 09:48:14 sql=[select * from grab_content 
	where cid=1 limit 10] 
07.11.2021 09:49:46 sql=[select * from grab_content where id=563] 
07.11.2021 09:49:46 sql=[select * from grab_content 
	where cid=1 limit 10] 
07.11.2021 09:50:15 sql=[select * from grab_content where id=563] 
07.11.2021 09:50:15 sql=[select * from grab_content 
	where cid=1 limit 10] 
07.11.2021 09:51:54 sql=[select * from grab_content where id=563] 
07.11.2021 09:51:54 sql=[select * from grab_content 
	where cid=1 limit 10] 
07.11.2021 09:53:40 sql=[select * from grab_content where id=563] 
07.11.2021 09:53:40 sql=[select * from grab_content 
	where cid=1 limit 10] 
07.11.2021 09:55:56 sql=[select * from grab_content where id=563] 
07.11.2021 09:55:56 sql=[select * from grab_content 
	where cid=1 limit 10] 
07.11.2021 09:56:23 sql=[select * from grab_content where id=563] 
07.11.2021 09:56:23 sql=[select * from grab_content 
	where cid=1 limit 10] 
07.11.2021 10:04:34 sql=[select * from grab_content where id=563] 
07.11.2021 10:04:34 sql=[select * from grab_content 
	where cid=1 limit 10] 
07.11.2021 10:06:15 sql=[select * from grab_content where id=563] 
07.11.2021 10:06:15 sql=[select * from grab_content 
	where cid=1 limit 10] 
07.11.2021 10:06:40 sql=[select * from grab_content where id=564] 
07.11.2021 10:06:40 sql=[select * from grab_content 
	where cid=1 limit 10] 
07.11.2021 10:06:43 sql=[select * from grab_content where id=563] 
07.11.2021 10:06:43 sql=[select * from grab_content 
	where cid=1 limit 10] 
07.11.2021 10:07:41 sql=[select * from grab_content where id=563] 
07.11.2021 10:07:41 sql=[select * from grab_content 
	where cid=1 limit 10] 
07.11.2021 10:07:52 sql=[select * from grab_content where id=563] 
07.11.2021 10:07:52 sql=[select * from grab_content 
	where cid=1 limit 10] 
07.11.2021 10:08:27 sql=[select * from grab_content where id=563] 
07.11.2021 10:08:27 sql=[select * from grab_content 
	where cid=1 limit 10] 
07.11.2021 10:08:43 sql=[select * from grab_content where id=563] 
07.11.2021 10:08:43 sql=[select * from grab_content 
	where cid=1 limit 10] 
07.11.2021 10:09:52 sql=[select * from grab_content where id=563] 
07.11.2021 10:09:52 sql=[select * from grab_content 
	where cid=1 limit 10] 
07.11.2021 10:10:14 sql=[select * from grab_content where id=563] 
07.11.2021 10:10:14 sql=[select * from grab_content 
	where cid=1 limit 10] 
07.11.2021 10:10:15 sql=[select * from grab_content where id=563] 
07.11.2021 10:10:15 sql=[select * from grab_content 
	where cid=1 limit 10] 
07.11.2021 10:13:01 sql=[select * from grab_content where id=563] 
07.11.2021 10:13:01 sql=[select * from grab_content 
	where cid=1 limit 10] 
07.11.2021 10:13:37 sql=[select * from grab_content where id=563] 
07.11.2021 10:13:37 sql=[select * from grab_content 
	where cid=1 limit 10] 
07.11.2021 10:18:03 sql=[select * from grab_content where id=563] 
07.11.2021 10:18:03 sql=[select * from grab_content 
	where cid=1 limit 10] 
07.11.2021 10:19:40 sql=[select * from grab_content where id=564] 
07.11.2021 10:19:40 sql=[select * from grab_content 
	where cid=1 limit 10] 
07.11.2021 10:19:49 sql=[select * from grab_content where id=564] 
07.11.2021 10:19:49 sql=[select * from grab_content 
	where cid=1 limit 10] 
07.11.2021 10:19:51 sql=[select * from grab_content where id=564] 
07.11.2021 10:19:51 sql=[select * from grab_content 
	where cid=1 limit 10] 
07.11.2021 10:19:58 sql=[select * from grab_content where id=564] 
07.11.2021 10:19:58 sql=[select * from grab_content 
	where cid=1 limit 10] 
07.11.2021 10:20:00 sql=[select * from grab_content where id=564] 
07.11.2021 10:20:00 sql=[select * from grab_content 
	where cid=1 limit 10] 
07.11.2021 10:21:13 sql=[select * from grab_content where id=564] 
07.11.2021 10:21:13 sql=[select * from grab_content 
	where cid=1 limit 10] 
07.11.2021 10:22:20 sql=[select * from grab_content where id=563] 
07.11.2021 10:22:20 sql=[select * from grab_content 
	where cid=1 limit 10] 
07.11.2021 10:22:46 sql=[select * from grab_content where id=563] 
07.11.2021 10:22:46 sql=[select * from grab_content 
	where cid=1 limit 10] 
07.11.2021 10:22:56 sql=[select * from grab_content where id=563] 
07.11.2021 10:22:56 sql=[select * from grab_content 
	where cid=1 limit 10] 
07.11.2021 10:26:29 sql=[select * from grab_content where id=563] 
07.11.2021 10:26:29 sql=[select * from grab_content 
	where cid=1 limit 10] 
07.11.2021 10:27:45 sql=[select * from grab_content where id=563] 
07.11.2021 10:27:45 sql=[select * from grab_content 
	where cid=1 limit 10] 
07.11.2021 10:27:47 sql=[select * from grab_content where id=563] 
07.11.2021 10:27:47 sql=[select * from grab_content 
	where cid=1 limit 10] 
07.11.2021 10:27:48 sql=[select * from grab_content where id=563] 
07.11.2021 10:27:48 sql=[select * from grab_content 
	where cid=1 limit 10] 
07.11.2021 10:27:59 sql=[select * from grab_content where id=563] 
07.11.2021 10:27:59 sql=[select * from grab_content 
	where cid=1 limit 10] 
07.11.2021 10:28:01 sql=[select * from grab_content where id=563] 
07.11.2021 10:28:01 sql=[select * from grab_content 
	where cid=1 limit 10] 
07.11.2021 10:28:31 sql=[select * from grab_content where id=563] 
07.11.2021 10:28:31 sql=[select * from grab_content 
	where cid=1 limit 10] 
07.11.2021 10:29:27 sql=[select * from grab_content where id=563] 
07.11.2021 10:29:27 sql=[select * from grab_content 
	where cid=1 limit 10] 
07.11.2021 10:30:09 sql=[select * from grab_content where id=563] 
07.11.2021 10:30:09 sql=[select * from grab_content 
	where cid=1 limit 10] 
07.11.2021 10:30:46 sql=[select * from grab_content where id=563] 
07.11.2021 10:30:46 sql=[select * from grab_content 
	where cid=1 limit 10] 
07.11.2021 10:31:21 sql=[select * from grab_content where id=563] 
07.11.2021 10:31:21 sql=[select * from grab_content 
	where cid=1 limit 10] 
07.11.2021 10:31:29 sql=[select * from grab_content where id=564] 
07.11.2021 10:31:30 sql=[select * from grab_content 
	where cid=1 limit 10] 
07.11.2021 10:32:21 sql=[select * from grab_content where id=565] 
07.11.2021 10:32:21 sql=[select * from grab_content 
	where cid=1 limit 10] 
07.11.2021 10:41:39 sql=[select * from grab_content where id=565] 
07.11.2021 10:41:39 sql=[select * from grab_content 
	where cid=1 limit 10] 
07.11.2021 10:44:09 sql=[select * from grab_content where id=565] 
07.11.2021 10:44:09 sql=[select * from grab_content 
	where cid=1 limit 10] 
07.11.2021 10:48:09 sql=[select * from grab_content where id=566] 
07.11.2021 10:48:09 sql=[select * from grab_content 
	where cid=1 limit 10] 
07.11.2021 10:53:15 sql=[select * from grab_content where id=566] 
07.11.2021 10:53:15 sql=[select * from grab_content 
	where cid=1 limit 10] 
07.11.2021 10:58:48 sql=[select * from grab_content where id=566] 
07.11.2021 10:58:48 sql=[select * from grab_content 
	where cid=1 limit 10] 
07.11.2021 11:42:01 sql=[select * from grab_content where id=566] 
07.11.2021 11:42:01 sql=[select * from grab_content 
	where cid=1 limit 10] 
07.11.2021 11:45:13 sql=[select * from grab_content where id=566] 
07.11.2021 11:45:13 sql=[select * from grab_content 
	where cid=1 limit 10] 
07.11.2021 05:17:09 sql=[select * from grab_content where id=566] 
07.11.2021 05:17:09 sql=[select * from grab_content 
	where cid=1 limit 10] 
07.11.2021 05:18:01 sql=[select * from grab_content where id=566] 
07.11.2021 05:18:01 sql=[select * from grab_content 
	where cid=1 limit 10] 
07.11.2021 05:18:39 sql=[select * from grab_content where id=566] 
07.11.2021 05:18:39 sql=[select * from grab_content 
	where cid=1 limit 10] 
07.11.2021 05:20:13 sql=[select * from grab_content where id=567] 
07.11.2021 05:20:13 sql=[select * from grab_content 
	where cid=1 limit 10] 
07.11.2021 05:30:35 sql=[select * from grab_content where id=566] 
07.11.2021 05:30:35 sql=[select * from grab_content 
	where cid=1 limit 10] 
07.11.2021 05:31:00 sql=[select * from grab_content where id=565] 
07.11.2021 05:31:00 sql=[select * from grab_content 
	where cid=1 limit 10] 
07.11.2021 05:31:04 sql=[select * from grab_content where id=564] 
07.11.2021 05:31:04 sql=[select * from grab_content 
	where cid=1 limit 10] 
07.11.2021 05:31:09 sql=[select * from grab_content where id=567] 
07.11.2021 05:31:09 sql=[select * from grab_content 
	where cid=1 limit 10] 
07.11.2021 05:35:17 sql=[select * from grab_content where id=567] 
07.11.2021 05:35:17 sql=[select * from grab_content 
	where cid=1 limit 10] 
07.11.2021 05:40:34 sql=[select * from grab_content where id=567] 
07.11.2021 05:40:34 sql=[select * from grab_content 
	where cid=1 limit 10] 
07.11.2021 05:40:40 sql=[select * from grab_content where id=567] 
07.11.2021 05:40:40 sql=[select * from grab_content 
	where cid=1 limit 10] 
07.11.2021 05:55:59 sql=[select * from grab_content where id=949] 
07.11.2021 05:55:59 sql=[select * from grab_content 
	where cid=1 limit 10] 
07.11.2021 05:56:56 sql=[select * from grab_content where id=949] 
07.11.2021 05:56:56 sql=[select * from grab_content 
	where cid=1 limit 10] 
07.11.2021 06:15:00 sql=[] 
07.11.2021 07:35:50 sql=[select * from grab_category where id = 0] 
07.11.2021 07:35:50 sql=[select * from grab_content where cid = 0  limit 10 offset 0 ] 
07.11.2021 07:35:50 sql=[select count(*) as c from grab_content where cid = 0] 
07.11.2021 07:36:34 sql=[select * from grab_category where id = 0] 
07.11.2021 07:36:34 sql=[select * from grab_content where cid = 0  limit 10 offset 0 ] 
07.11.2021 07:36:34 sql=[select count(*) as c from grab_content where cid = 0] 
07.11.2021 07:37:38 sql=[select * from grab_category where id = 0] 
07.11.2021 07:37:38 sql=[select * from grab_content where cid = 0  limit 10 offset 0 ] 
07.11.2021 07:37:38 sql=[select count(*) as c from grab_content where cid = 0] 
07.11.2021 07:38:16 sql=[select * from grab_category where id = 0] 
07.11.2021 07:38:16 sql=[select * from grab_content where cid = 0  limit 10 offset 0 ] 
07.11.2021 07:38:16 sql=[select count(*) as c from grab_content where cid = 0] 
07.11.2021 07:38:26 sql=[select * from grab_category where id = 0] 
07.11.2021 07:38:26 sql=[select * from grab_content where cid = 0  limit 10 offset 0 ] 
07.11.2021 07:38:26 sql=[select count(*) as c from grab_content where cid = 0] 
08.11.2021 05:22:48 sql=[select * from grab_category where id = 1] 
08.11.2021 05:22:48 sql=[select * from grab_content where cid = 1  limit 10 offset 0 ] 
08.11.2021 05:22:48 sql=[select count(*) as c from grab_content where cid = 1] 
08.11.2021 05:23:20 sql=[select * from grab_content where id=563] 
08.11.2021 05:23:20 sql=[select * from grab_content 
	where cid=1 limit 10] 
08.11.2021 05:24:36 sql=[select * from grab_category where id = 1] 
08.11.2021 05:24:36 sql=[select * from grab_content where cid = 1  limit 10 offset 0 ] 
08.11.2021 05:24:36 sql=[select count(*) as c from grab_content where cid = 1] 
08.11.2021 05:25:57 sql=[select * from grab_category where id = 1] 
08.11.2021 05:25:57 sql=[select * from grab_content where cid = 1  limit 10 offset 0 ] 
08.11.2021 05:25:57 sql=[select count(*) as c from grab_content where cid = 1] 
08.11.2021 05:26:10 sql=[select * from grab_category where id = 1] 
08.11.2021 05:26:10 sql=[select * from grab_content where cid = 1  limit 10 offset 0 ] 
08.11.2021 05:26:10 sql=[select count(*) as c from grab_content where cid = 1] 
08.11.2021 05:26:45 sql=[select * from grab_category where id = 1] 
08.11.2021 05:26:45 sql=[select * from grab_content where cid = 1  limit 10 offset 0 ] 
08.11.2021 05:26:45 sql=[select count(*) as c from grab_content where cid = 1] 
08.11.2021 05:27:06 sql=[select * from grab_category where id = 1] 
08.11.2021 05:27:06 sql=[select * from grab_content where cid = 1  limit 10 offset 0 ] 
08.11.2021 05:27:06 sql=[select count(*) as c from grab_content where cid = 1] 
08.11.2021 05:27:55 sql=[select * from grab_category where id = 1] 
08.11.2021 05:27:55 sql=[select * from grab_content where cid = 1  limit 10 offset 0 ] 
08.11.2021 05:27:55 sql=[select count(*) as c from grab_content where cid = 1] 
08.11.2021 05:28:43 sql=[select * from grab_category where id = 1] 
08.11.2021 05:28:43 sql=[select * from grab_content where cid = 1  limit 10 offset 0 ] 
08.11.2021 05:28:43 sql=[select count(*) as c from grab_content where cid = 1] 
08.11.2021 05:29:32 sql=[select * from grab_category where id = 1] 
08.11.2021 05:29:32 sql=[select * from grab_content where cid = 1  limit 10 offset 0 ] 
08.11.2021 05:29:32 sql=[select count(*) as c from grab_content where cid = 1] 
08.11.2021 05:29:50 sql=[select * from grab_category where id = 1] 
08.11.2021 05:29:50 sql=[select * from grab_content where cid = 1  limit 10 offset 0 ] 
08.11.2021 05:29:50 sql=[select count(*) as c from grab_content where cid = 1] 
08.11.2021 05:30:22 sql=[select * from grab_category where id = 1] 
08.11.2021 05:30:22 sql=[select * from grab_content where cid = 1  limit 10 offset 0 ] 
08.11.2021 05:30:22 sql=[select count(*) as c from grab_content where cid = 1] 
08.11.2021 05:31:01 sql=[select * from grab_category where id = 1] 
08.11.2021 05:31:01 sql=[select * from grab_content where cid = 1  limit 10 offset 0 ] 
08.11.2021 05:31:01 sql=[select count(*) as c from grab_content where cid = 1] 
08.11.2021 05:31:46 sql=[select * from grab_category where id = 1] 
08.11.2021 05:31:46 sql=[select * from grab_content where cid = 1  limit 10 offset 0 ] 
08.11.2021 05:31:46 sql=[select count(*) as c from grab_content where cid = 1] 
08.11.2021 05:32:24 sql=[select * from grab_category where id = 1] 
08.11.2021 05:32:24 sql=[select * from grab_content where cid = 1  limit 10 offset 0 ] 
08.11.2021 05:32:24 sql=[select count(*) as c from grab_content where cid = 1] 
08.11.2021 05:32:26 sql=[select * from grab_category where id = 1] 
08.11.2021 05:32:26 sql=[select * from grab_content where cid = 1  limit 10 offset 0 ] 
08.11.2021 05:32:26 sql=[select count(*) as c from grab_content where cid = 1] 
08.11.2021 05:33:41 sql=[select * from grab_category where id = 1] 
08.11.2021 05:33:41 sql=[select * from grab_content where cid = 1  limit 10 offset 0 ] 
08.11.2021 05:33:41 sql=[select count(*) as c from grab_content where cid = 1] 
08.11.2021 05:33:59 sql=[select * from grab_category where id = 1] 
08.11.2021 05:33:59 sql=[select * from grab_content where cid = 1  limit 10 offset 0 ] 
08.11.2021 05:33:59 sql=[select count(*) as c from grab_content where cid = 1] 
08.11.2021 05:36:29 sql=[select * from grab_content where id=564] 
08.11.2021 05:36:29 sql=[select * from grab_content 
	where cid=1 limit 10] 
08.11.2021 05:36:32 sql=[select * from grab_category where id = 1] 
08.11.2021 05:36:32 sql=[select * from grab_content where cid = 1  limit 10 offset 0 ] 
08.11.2021 05:36:32 sql=[select count(*) as c from grab_content where cid = 1] 
08.11.2021 05:39:36 sql=[select * from grab_category where id = 1] 
08.11.2021 05:39:36 sql=[select * from grab_content where cid = 1  limit 10 offset 0 ] 
08.11.2021 05:39:36 sql=[select count(*) as c from grab_content where cid = 1] 
08.11.2021 05:39:41 sql=[select * from grab_content where id=563] 
08.11.2021 05:39:41 sql=[select * from grab_content 
	where cid=1 limit 10] 
08.11.2021 05:40:23 sql=[select * from grab_category where id = 1] 
08.11.2021 05:40:23 sql=[select * from grab_content where cid = 1  limit 10 offset 0 ] 
08.11.2021 05:40:23 sql=[select count(*) as c from grab_content where cid = 1] 
08.11.2021 05:40:49 sql=[select * from grab_category where id = 1] 
08.11.2021 05:40:49 sql=[select * from grab_content where cid = 1  limit 10 offset 0 ] 
08.11.2021 05:40:49 sql=[select count(*) as c from grab_content where cid = 1] 
08.11.2021 05:40:58 sql=[select * from grab_category where id = 1] 
08.11.2021 05:40:58 sql=[select * from grab_content where cid = 1  limit 10 offset 0 ] 
08.11.2021 05:40:58 sql=[select count(*) as c from grab_content where cid = 1] 
08.11.2021 05:41:31 sql=[select * from grab_category where id = 1] 
08.11.2021 05:41:31 sql=[select * from grab_content where cid = 1  limit 10 offset 0 ] 
08.11.2021 05:41:31 sql=[select count(*) as c from grab_content where cid = 1] 
08.11.2021 05:41:52 sql=[select * from grab_category where id = 1] 
08.11.2021 05:41:52 sql=[select * from grab_content where cid = 1  limit 10 offset 0 ] 
08.11.2021 05:41:52 sql=[select count(*) as c from grab_content where cid = 1] 
08.11.2021 05:42:26 sql=[select * from grab_content where id=563] 
08.11.2021 05:42:26 sql=[select * from grab_content 
	where cid=1 limit 10] 
08.11.2021 05:48:42 sql=[select * from grab_category where id = 1] 
08.11.2021 05:48:42 sql=[select * from grab_content where cid = 1  limit 10 offset 0 ] 
08.11.2021 05:48:42 sql=[select count(*) as c from grab_content where cid = 1] 
08.11.2021 05:48:44 sql=[select * from grab_category where id = 1] 
08.11.2021 05:48:44 sql=[select * from grab_content where cid = 1  limit 10 offset 0 ] 
08.11.2021 05:48:45 sql=[select count(*) as c from grab_content where cid = 1] 
08.11.2021 05:50:09 sql=[select * from grab_category where id = 1] 
08.11.2021 05:50:09 sql=[select * from grab_content where cid = 1  limit 10 offset 0 ] 
08.11.2021 05:50:09 sql=[select count(*) as c from grab_content where cid = 1] 
08.11.2021 05:50:34 sql=[select * from grab_category where id = 1] 
08.11.2021 05:50:34 sql=[select * from grab_content where cid = 1  limit 10 offset 0 ] 
08.11.2021 05:50:34 sql=[select count(*) as c from grab_content where cid = 1] 
08.11.2021 05:52:54 sql=[select * from grab_category where id = 1] 
08.11.2021 05:52:54 sql=[select * from grab_content where cid = 1  limit 10 offset 0 ] 
08.11.2021 05:52:54 sql=[select count(*) as c from grab_content where cid = 1] 
08.11.2021 05:52:55 sql=[select * from grab_category where id = 1] 
08.11.2021 05:52:56 sql=[select * from grab_content where cid = 1  limit 10 offset 0 ] 
08.11.2021 05:52:56 sql=[select count(*) as c from grab_content where cid = 1] 
08.11.2021 05:53:08 sql=[select * from grab_category where id = 1] 
08.11.2021 05:53:08 sql=[select * from grab_content where cid = 1  limit 10 offset 0 ] 
08.11.2021 05:53:08 sql=[select count(*) as c from grab_content where cid = 1] 
08.11.2021 05:53:10 sql=[select * from grab_category where id = 1] 
08.11.2021 05:53:10 sql=[select * from grab_content where cid = 1  limit 10 offset 0 ] 
08.11.2021 05:53:10 sql=[select count(*) as c from grab_content where cid = 1] 
08.11.2021 05:54:08 sql=[select * from grab_category where id = 1] 
08.11.2021 05:54:08 sql=[select * from grab_content where cid = 1  limit 10 offset 0 ] 
08.11.2021 05:54:08 sql=[select count(*) as c from grab_content where cid = 1] 
08.11.2021 05:54:44 sql=[select * from grab_category where id = 1] 
08.11.2021 05:54:44 sql=[select * from grab_content where cid = 1  limit 10 offset 0 ] 
08.11.2021 05:54:44 sql=[select count(*) as c from grab_content where cid = 1] 
08.11.2021 05:56:47 sql=[select * from grab_category where id = 1] 
08.11.2021 05:56:47 sql=[select * from grab_content where cid = 1  limit 10 offset 0 ] 
08.11.2021 05:56:47 sql=[select count(*) as c from grab_content where cid = 1] 
08.11.2021 05:56:52 sql=[select * from grab_content where id=563] 
08.11.2021 05:56:52 sql=[select * from grab_content 
	where cid=1 limit 10] 
08.11.2021 05:56:58 sql=[select * from grab_category where id = 1] 
08.11.2021 05:56:58 sql=[select * from grab_content where cid = 1  limit 10 offset 0 ] 
08.11.2021 05:56:58 sql=[select count(*) as c from grab_content where cid = 1] 
08.11.2021 05:57:00 sql=[select * from grab_content where id=564] 
08.11.2021 05:57:00 sql=[select * from grab_content 
	where cid=1 limit 10] 
08.11.2021 05:57:02 sql=[select * from grab_category where id = 1] 
08.11.2021 05:57:02 sql=[select * from grab_content where cid = 1  limit 10 offset 0 ] 
08.11.2021 05:57:02 sql=[select count(*) as c from grab_content where cid = 1] 
